<?xml version="1.0" encoding="UTF-8"?>
<testng-results skipped="0" failed="1" ignored="0" total="6" passed="5">
  <reporter-output>
  </reporter-output>
  <suite name="Suite" duration-ms="92250" started-at="2023-03-27T04:26:29Z" finished-at="2023-03-27T04:28:02Z">
    <groups>
    </groups>
    <test name="Test" duration-ms="92250" started-at="2023-03-27T04:26:29Z" finished-at="2023-03-27T04:28:02Z">
      <class name="com.testcases.poojastore.wishlisttest">
        <test-method status="PASS" signature="setup()[pri:0, instance:com.testcases.poojastore.wishlisttest@17cd7a0]" name="setup" is-config="true" duration-ms="11888" started-at="2023-03-27T09:57:04Z" finished-at="2023-03-27T09:57:16Z">
          <reporter-output>
          </reporter-output>
        </test-method> <!-- setup -->
        <test-method status="FAIL" signature="wishlisttst()[pri:0, instance:com.testcases.poojastore.wishlisttest@17cd7a0]" name="wishlisttst" duration-ms="9702" started-at="2023-03-27T09:57:16Z" finished-at="2023-03-27T09:57:26Z">
          <exception class="org.openqa.selenium.NoSuchElementException">
            <message>
              <![CDATA[Cannot locate an element using xpath=//div[@class='d-xl-heart']
For documentation on this error, please visit: https://www.seleniumhq.org/exceptions/no_such_element.html
Build info: version: '3.141.59', revision: 'e82be7d358', time: '2018-11-14T08:17:03'
System info: host: 'JAKS', ip: '192.168.0.120', os.name: 'Windows 11', os.arch: 'x86', os.version: '10.0', java.version: '1.8.0_351'
Driver info: driver.version: RemoteWebDriver]]>
            </message>
            <full-stacktrace>
              <![CDATA[org.openqa.selenium.NoSuchElementException: Cannot locate an element using xpath=//div[@class='d-xl-heart']
For documentation on this error, please visit: https://www.seleniumhq.org/exceptions/no_such_element.html
Build info: version: '3.141.59', revision: 'e82be7d358', time: '2018-11-14T08:17:03'
System info: host: 'JAKS', ip: '192.168.0.120', os.name: 'Windows 11', os.arch: 'x86', os.version: '10.0', java.version: '1.8.0_351'
Driver info: driver.version: RemoteWebDriver
	at org.openqa.selenium.remote.RemoteWebDriver.findElement(RemoteWebDriver.java:327)
	at org.openqa.selenium.remote.RemoteWebDriver.findElementByXPath(RemoteWebDriver.java:428)
	at org.openqa.selenium.By$ByXPath.findElement(By.java:353)
	at org.openqa.selenium.remote.RemoteWebDriver.findElement(RemoteWebDriver.java:315)
	at org.openqa.selenium.support.pagefactory.DefaultElementLocator.findElement(DefaultElementLocator.java:69)
	at org.openqa.selenium.support.pagefactory.internal.LocatingElementHandler.invoke(LocatingElementHandler.java:38)
	at com.sun.proxy.$Proxy9.click(Unknown Source)
	at com.pageobjects.store.BuyFromwhishlist.ValidateWishlistbuy(BuyFromwhishlist.java:59)
	at com.testcases.poojastore.wishlisttest.wishlisttst(wishlisttest.java:37)
	at sun.reflect.NativeMethodAccessorImpl.invoke0(Native Method)
	at sun.reflect.NativeMethodAccessorImpl.invoke(Unknown Source)
	at sun.reflect.DelegatingMethodAccessorImpl.invoke(Unknown Source)
	at java.lang.reflect.Method.invoke(Unknown Source)
	at org.testng.internal.MethodInvocationHelper.invokeMethod(MethodInvocationHelper.java:108)
	at org.testng.internal.Invoker.invokeMethod(Invoker.java:661)
	at org.testng.internal.Invoker.invokeTestMethod(Invoker.java:869)
	at org.testng.internal.Invoker.invokeTestMethods(Invoker.java:1193)
	at org.testng.internal.TestMethodWorker.invokeTestMethods(TestMethodWorker.java:126)
	at org.testng.internal.TestMethodWorker.run(TestMethodWorker.java:109)
	at org.testng.TestRunner.privateRun(TestRunner.java:744)
	at org.testng.TestRunner.run(TestRunner.java:602)
	at org.testng.SuiteRunner.runTest(SuiteRunner.java:380)
	at org.testng.SuiteRunner.runSequentially(SuiteRunner.java:375)
	at org.testng.SuiteRunner.privateRun(SuiteRunner.java:340)
	at org.testng.SuiteRunner.run(SuiteRunner.java:289)
	at org.testng.SuiteRunnerWorker.runSuite(SuiteRunnerWorker.java:52)
	at org.testng.SuiteRunnerWorker.run(SuiteRunnerWorker.java:86)
	at org.testng.TestNG.runSuitesSequentially(TestNG.java:1301)
	at org.testng.TestNG.runSuitesLocally(TestNG.java:1226)
	at org.testng.TestNG.runSuites(TestNG.java:1144)
	at org.testng.TestNG.run(TestNG.java:1115)
	at org.testng.remote.AbstractRemoteTestNG.run(AbstractRemoteTestNG.java:132)
	at org.testng.remote.RemoteTestNG.initAndRun(RemoteTestNG.java:230)
	at org.testng.remote.RemoteTestNG.main(RemoteTestNG.java:76)
]]>
            </full-stacktrace>
          </exception> <!-- org.openqa.selenium.NoSuchElementException -->
          <reporter-output>
          </reporter-output>
        </test-method> <!-- wishlisttst -->
        <test-method status="FAIL" signature="teardown()[pri:0, instance:com.testcases.poojastore.wishlisttest@17cd7a0]" name="teardown" is-config="true" duration-ms="51" started-at="2023-03-27T09:57:26Z" finished-at="2023-03-27T09:57:26Z">
          <exception class="org.openqa.selenium.NoSuchWindowException">
            <message>
              <![CDATA[no such window: target window already closed
from unknown error: web view not found
  (Session info: chrome=111.0.5563.65)
Build info: version: '3.141.59', revision: 'e82be7d358', time: '2018-11-14T08:17:03'
System info: host: 'JAKS', ip: '192.168.0.120', os.name: 'Windows 11', os.arch: 'x86', os.version: '10.0', java.version: '1.8.0_351'
Driver info: org.openqa.selenium.chrome.ChromeDriver
Capabilities {acceptInsecureCerts: false, browserName: chrome, browserVersion: 111.0.5563.65, chrome: {chromedriverVersion: 111.0.5563.64 (c710e93d5b63..., userDataDir: C:\Program Files (x86)\scop...}, goog:chromeOptions: {debuggerAddress: localhost:63573}, javascriptEnabled: true, networkConnectionEnabled: false, pageLoadStrategy: normal, platform: WINDOWS, platformName: WINDOWS, proxy: Proxy(), setWindowRect: true, strictFileInteractability: false, timeouts: {implicit: 0, pageLoad: 300000, script: 30000}, unhandledPromptBehavior: dismiss and notify, webauthn:extension:credBlob: true, webauthn:extension:largeBlob: true, webauthn:extension:minPinLength: true, webauthn:extension:prf: true, webauthn:virtualAuthenticators: true}
Session ID: bde7683a0f2eec72b86ad7511b6bc2c5]]>
            </message>
            <full-stacktrace>
              <![CDATA[org.openqa.selenium.NoSuchWindowException: no such window: target window already closed
from unknown error: web view not found
  (Session info: chrome=111.0.5563.65)
Build info: version: '3.141.59', revision: 'e82be7d358', time: '2018-11-14T08:17:03'
System info: host: 'JAKS', ip: '192.168.0.120', os.name: 'Windows 11', os.arch: 'x86', os.version: '10.0', java.version: '1.8.0_351'
Driver info: org.openqa.selenium.chrome.ChromeDriver
Capabilities {acceptInsecureCerts: false, browserName: chrome, browserVersion: 111.0.5563.65, chrome: {chromedriverVersion: 111.0.5563.64 (c710e93d5b63..., userDataDir: C:\Program Files (x86)\scop...}, goog:chromeOptions: {debuggerAddress: localhost:63573}, javascriptEnabled: true, networkConnectionEnabled: false, pageLoadStrategy: normal, platform: WINDOWS, platformName: WINDOWS, proxy: Proxy(), setWindowRect: true, strictFileInteractability: false, timeouts: {implicit: 0, pageLoad: 300000, script: 30000}, unhandledPromptBehavior: dismiss and notify, webauthn:extension:credBlob: true, webauthn:extension:largeBlob: true, webauthn:extension:minPinLength: true, webauthn:extension:prf: true, webauthn:virtualAuthenticators: true}
Session ID: bde7683a0f2eec72b86ad7511b6bc2c5
	at sun.reflect.NativeConstructorAccessorImpl.newInstance0(Native Method)
	at sun.reflect.NativeConstructorAccessorImpl.newInstance(Unknown Source)
	at sun.reflect.DelegatingConstructorAccessorImpl.newInstance(Unknown Source)
	at java.lang.reflect.Constructor.newInstance(Unknown Source)
	at org.openqa.selenium.remote.http.W3CHttpResponseCodec.createException(W3CHttpResponseCodec.java:187)
	at org.openqa.selenium.remote.http.W3CHttpResponseCodec.decode(W3CHttpResponseCodec.java:122)
	at org.openqa.selenium.remote.http.W3CHttpResponseCodec.decode(W3CHttpResponseCodec.java:49)
	at org.openqa.selenium.remote.HttpCommandExecutor.execute(HttpCommandExecutor.java:158)
	at org.openqa.selenium.remote.service.DriverCommandExecutor.execute(DriverCommandExecutor.java:83)
	at org.openqa.selenium.remote.RemoteWebDriver.execute(RemoteWebDriver.java:552)
	at org.openqa.selenium.remote.RemoteWebDriver.execute(RemoteWebDriver.java:609)
	at org.openqa.selenium.remote.RemoteWebDriver.close(RemoteWebDriver.java:442)
	at com.testcases.poojastore.wishlisttest.teardown(wishlisttest.java:45)
	at sun.reflect.NativeMethodAccessorImpl.invoke0(Native Method)
	at sun.reflect.NativeMethodAccessorImpl.invoke(Unknown Source)
	at sun.reflect.DelegatingMethodAccessorImpl.invoke(Unknown Source)
	at java.lang.reflect.Method.invoke(Unknown Source)
	at org.testng.internal.MethodInvocationHelper.invokeMethod(MethodInvocationHelper.java:108)
	at org.testng.internal.Invoker.invokeConfigurationMethod(Invoker.java:523)
	at org.testng.internal.Invoker.invokeConfigurations(Invoker.java:224)
	at org.testng.internal.Invoker.invokeMethod(Invoker.java:723)
	at org.testng.internal.Invoker.invokeTestMethod(Invoker.java:869)
	at org.testng.internal.Invoker.invokeTestMethods(Invoker.java:1193)
	at org.testng.internal.TestMethodWorker.invokeTestMethods(TestMethodWorker.java:126)
	at org.testng.internal.TestMethodWorker.run(TestMethodWorker.java:109)
	at org.testng.TestRunner.privateRun(TestRunner.java:744)
	at org.testng.TestRunner.run(TestRunner.java:602)
	at org.testng.SuiteRunner.runTest(SuiteRunner.java:380)
	at org.testng.SuiteRunner.runSequentially(SuiteRunner.java:375)
	at org.testng.SuiteRunner.privateRun(SuiteRunner.java:340)
	at org.testng.SuiteRunner.run(SuiteRunner.java:289)
	at org.testng.SuiteRunnerWorker.runSuite(SuiteRunnerWorker.java:52)
	at org.testng.SuiteRunnerWorker.run(SuiteRunnerWorker.java:86)
	at org.testng.TestNG.runSuitesSequentially(TestNG.java:1301)
	at org.testng.TestNG.runSuitesLocally(TestNG.java:1226)
	at org.testng.TestNG.runSuites(TestNG.java:1144)
	at org.testng.TestNG.run(TestNG.java:1115)
	at org.testng.remote.AbstractRemoteTestNG.run(AbstractRemoteTestNG.java:132)
	at org.testng.remote.RemoteTestNG.initAndRun(RemoteTestNG.java:230)
	at org.testng.remote.RemoteTestNG.main(RemoteTestNG.java:76)
]]>
            </full-stacktrace>
          </exception> <!-- org.openqa.selenium.NoSuchWindowException -->
          <reporter-output>
          </reporter-output>
        </test-method> <!-- teardown -->
      </class> <!-- com.testcases.poojastore.wishlisttest -->
      <class name="com.testcases.poojastore.CartTest">
        <test-method status="PASS" signature="setup()[pri:0, instance:com.testcases.poojastore.CartTest@968a59]" name="setup" is-config="true" duration-ms="12339" started-at="2023-03-27T09:56:29Z" finished-at="2023-03-27T09:56:42Z">
          <reporter-output>
          </reporter-output>
        </test-method> <!-- setup -->
        <test-method status="PASS" signature="cartfuntionality()[pri:0, instance:com.testcases.poojastore.CartTest@968a59]" name="cartfuntionality" duration-ms="3275" started-at="2023-03-27T09:56:42Z" finished-at="2023-03-27T09:56:45Z">
          <reporter-output>
          </reporter-output>
        </test-method> <!-- cartfuntionality -->
        <test-method status="PASS" signature="teardown()[pri:0, instance:com.testcases.poojastore.CartTest@968a59]" name="teardown" is-config="true" duration-ms="198" started-at="2023-03-27T09:56:45Z" finished-at="2023-03-27T09:56:45Z">
          <reporter-output>
          </reporter-output>
        </test-method> <!-- teardown -->
      </class> <!-- com.testcases.poojastore.CartTest -->
      <class name="com.testcases.poojastore.Buyfromsearchtest">
        <test-method status="PASS" signature="setup()[pri:0, instance:com.testcases.poojastore.Buyfromsearchtest@67ae56]" name="setup" is-config="true" duration-ms="12736" started-at="2023-03-27T09:56:45Z" finished-at="2023-03-27T09:56:58Z">
          <reporter-output>
          </reporter-output>
        </test-method> <!-- setup -->
        <test-method status="PASS" signature="validatebuyfromsearch()[pri:0, instance:com.testcases.poojastore.Buyfromsearchtest@67ae56]" name="validatebuyfromsearch" duration-ms="6200" started-at="2023-03-27T09:56:58Z" finished-at="2023-03-27T09:57:04Z">
          <reporter-output>
          </reporter-output>
        </test-method> <!-- validatebuyfromsearch -->
        <test-method status="PASS" signature="teardown()[pri:0, instance:com.testcases.poojastore.Buyfromsearchtest@67ae56]" name="teardown" is-config="true" duration-ms="199" started-at="2023-03-27T09:57:04Z" finished-at="2023-03-27T09:57:04Z">
          <reporter-output>
          </reporter-output>
        </test-method> <!-- teardown -->
      </class> <!-- com.testcases.poojastore.Buyfromsearchtest -->
      <class name="com.testcases.poojastore.LoginTest">
        <test-method status="PASS" signature="setup()[pri:0, instance:com.testcases.poojastore.LoginTest@8e7350]" name="setup" is-config="true" duration-ms="7852" started-at="2023-03-27T09:57:26Z" finished-at="2023-03-27T09:57:34Z">
          <reporter-output>
          </reporter-output>
        </test-method> <!-- setup -->
        <test-method status="PASS" signature="VerifyLoginFunctionality()[pri:1, instance:com.testcases.poojastore.LoginTest@8e7350]" name="VerifyLoginFunctionality" duration-ms="6289" started-at="2023-03-27T09:57:34Z" finished-at="2023-03-27T09:57:40Z">
          <reporter-output>
          </reporter-output>
        </test-method> <!-- VerifyLoginFunctionality -->
        <test-method status="PASS" signature="teardown()[pri:0, instance:com.testcases.poojastore.LoginTest@8e7350]" name="teardown" is-config="true" duration-ms="195" started-at="2023-03-27T09:57:40Z" finished-at="2023-03-27T09:57:40Z">
          <reporter-output>
          </reporter-output>
        </test-method> <!-- teardown -->
        <test-method status="PASS" signature="setup()[pri:0, instance:com.testcases.poojastore.LoginTest@8e7350]" name="setup" is-config="true" duration-ms="7769" started-at="2023-03-27T09:57:40Z" finished-at="2023-03-27T09:57:48Z">
          <reporter-output>
          </reporter-output>
        </test-method> <!-- setup -->
        <test-method status="PASS" signature="verifyTitle()[pri:2, instance:com.testcases.poojastore.LoginTest@8e7350]" name="verifyTitle" duration-ms="13" started-at="2023-03-27T09:57:48Z" finished-at="2023-03-27T09:57:48Z">
          <reporter-output>
          </reporter-output>
        </test-method> <!-- verifyTitle -->
        <test-method status="PASS" signature="teardown()[pri:0, instance:com.testcases.poojastore.LoginTest@8e7350]" name="teardown" is-config="true" duration-ms="299" started-at="2023-03-27T09:57:48Z" finished-at="2023-03-27T09:57:48Z">
          <reporter-output>
          </reporter-output>
        </test-method> <!-- teardown -->
        <test-method status="PASS" signature="setup()[pri:0, instance:com.testcases.poojastore.LoginTest@8e7350]" name="setup" is-config="true" duration-ms="8058" started-at="2023-03-27T09:57:48Z" finished-at="2023-03-27T09:57:57Z">
          <reporter-output>
          </reporter-output>
        </test-method> <!-- setup -->
        <test-method status="PASS" signature="Logoutfuntionality()[pri:3, instance:com.testcases.poojastore.LoginTest@8e7350]" name="Logoutfuntionality" duration-ms="4991" started-at="2023-03-27T09:57:57Z" finished-at="2023-03-27T09:58:02Z">
          <reporter-output>
          </reporter-output>
        </test-method> <!-- Logoutfuntionality -->
        <test-method status="PASS" signature="teardown()[pri:0, instance:com.testcases.poojastore.LoginTest@8e7350]" name="teardown" is-config="true" duration-ms="146" started-at="2023-03-27T09:58:02Z" finished-at="2023-03-27T09:58:02Z">
          <reporter-output>
          </reporter-output>
        </test-method> <!-- teardown -->
      </class> <!-- com.testcases.poojastore.LoginTest -->
    </test> <!-- Test -->
  </suite> <!-- Suite -->
</testng-results>
